Microsoft (R) Macro Assembler Version 14.28.29914.0	    06/06/21 18:57:45
#Program Template     (template.asm			     Page 1 - 1


				TITLE Program Template     (template.asm)

				; Author: Adam Okasha
				; Last Modified: 6 Jun 2021
				; OSU email address: okashaa@oregonstate.edu
				; Course number/section:   CS271 Section 400
				; Project Number:  6               Due Date: 6 Jun 2021
				; Description: This program reads in 10 integers that fit in a 32 bit register,
				;			   converts them to SDWORD integers and saves them in an array, 
				;			   converts them back to strings and displays them and their sums 
				;			   and averages as string. 

				INCLUDE Irvine32.inc
			      C ; Include file for Irvine32.lib             (Irvine32.inc)
			      C 
			      C ;OPTION CASEMAP:NONE		; optional: make identifiers case-sensitive
			      C 
			      C INCLUDE SmallWin.inc		; MS-Windows prototypes, structures, and constants
			      C .NOLIST
			      C .LIST
			      C 
			      C INCLUDE VirtualKeys.inc
			      C ; VirtualKeys.inc
			      C .NOLIST
			      C .LIST
			      C 
			      C 
			      C .NOLIST
			      C .LIST
			      C 

				;--------------------------------------------------------------------------
				; name: mGetString
				;
				; Reads string input
				;
				; Precondition: none
				;
				; Postconditions: userNums SDWORD array will be filled with 10 SDWORD integers
				;				  setNegative & userInputLen will be changed
				;
				; Receives: buffer			 = Message to write to prompt for input
				;			usrInput		 = Empty BYTE array to hold user input (mem location of current index)
				;			usrInputCount	 = The max allowed length of input
				;			usrInputLen		 = Unitialized DWORD variable to caputre input length
				;			
				;
				; Returns:  usrInput		 = User input string
				;			usrInputLen		 = The length of the user input
				;--------------------------------------------------------------------------
				mGetString MACRO buffer, usrInput, usrInputCount, usrInputLen
					push	EDX
					push	ECX
					push	EAX

					mov		EDX, buffer
					call	WriteString
					mov		EDX, usrInput
					mov		ECX, usrInputCount
					call	ReadString
					mov		userInputLen, EAX

					pop		EAX
					pop		ECX
					pop		EDX
				ENDM

				;--------------------------------------------------------------------------
				; name: mDisplayString
				;
				; Displays string passed to macro 
				;
				; Precondition: none
				;
				; Postconditions: none
				;
				; Receives: display_string	 = string to display			
				;
				; Returns:  none
				;--------------------------------------------------------------------------
				mDisplayString MACRO display_string
					push	EDX

					mov		EDX, display_string
					call	WriteString

					pop		EDX
				ENDM

 =-80000000			LO					= -2147483648
 = 7FFFFFFF			HI					= 2147483647
 = 00000030			LO_NUM_ASCII		= 48
 = 00000039			HI_NUM_ASCII		= 57
 = 0000002B			POS_ASCII			= 43
 = 0000002D			NEG_ASCII			= 45
 = 00000020			SPACE_ASCII			= 32
 = 0000000B			MAX_USER_INPUT_SIZE = 11
 = 0000000A			MAX_NUM_LENGTH		= 10
 = 00000000			NULL_BIT			= 0


 00000000			.data

 00000000 50 52 4F 4A 45	intro1				BYTE		"PROJECT 6: String Primitives and Macros by Adam Okasha",13,10,0
	   43 54 20 36 3A
	   20 53 74 72 69
	   6E 67 20 50 72
	   69 6D 69 74 69
	   76 65 73 20 61
	   6E 64 20 4D 61
	   63 72 6F 73 20
	   62 79 20 41 64
	   61 6D 20 4F 6B
	   61 73 68 61 0D
	   0A 00
 00000039 50 6C 65 61 73	intro2				BYTE		"Please input 10 signed decimal integers that can fit inside a 32 bit register.",13,10,0
	   65 20 69 6E 70
	   75 74 20 31 30
	   20 73 69 67 6E
	   65 64 20 64 65
	   63 69 6D 61 6C
	   20 69 6E 74 65
	   67 65 72 73 20
	   74 68 61 74 20
	   63 61 6E 20 66
	   69 74 20 69 6E
	   73 69 64 65 20
	   61 20 33 32 20
	   62 69 74 20 72
	   65 67 69 73 74
	   65 72 2E 0D 0A
	   00
 0000008A 54 68 65 20 6D	intro3				BYTE		"The maximum length of any entry should be 11 with sign or 10 without.",13,10,0
	   61 78 69 6D 75
	   6D 20 6C 65 6E
	   67 74 68 20 6F
	   66 20 61 6E 79
	   20 65 6E 74 72
	   79 20 73 68 6F
	   75 6C 64 20 62
	   65 20 31 31 20
	   77 69 74 68 20
	   73 69 67 6E 20
	   6F 72 20 31 30
	   20 77 69 74 68
	   6F 75 74 2E 0D
	   0A 00
 000000D2 54 68 65 20 70	intro4				BYTE		"The program will then display the integers, their sum, and the average.",13,10,0
	   72 6F 67 72 61
	   6D 20 77 69 6C
	   6C 20 74 68 65
	   6E 20 64 69 73
	   70 6C 61 79 20
	   74 68 65 20 69
	   6E 74 65 67 65
	   72 73 2C 20 74
	   68 65 69 72 20
	   73 75 6D 2C 20
	   61 6E 64 20 74
	   68 65 20 61 76
	   65 72 61 67 65
	   2E 0D 0A 00
 0000011C 50 6C 65 61 73	prompt				BYTE		"Please enter a signed integer: ",0
	   65 20 65 6E 74
	   65 72 20 61 20
	   73 69 67 6E 65
	   64 20 69 6E 74
	   65 67 65 72 3A
	   20 00
 0000013C 54 68 65 20 6E	numbersEnteredMsg	BYTE		"The numbers you entered are:",0
	   75 6D 62 65 72
	   73 20 79 6F 75
	   20 65 6E 74 65
	   72 65 64 20 61
	   72 65 3A 00
 00000159 54 68 65 20 73	sumDisplayMsg		BYTE		"The sum is:     ",0
	   75 6D 20 69 73
	   3A 20 20 20 20
	   20 00
 0000016A 54 68 65 20 61	avgDisplayMsg		BYTE		"The average is: ",0
	   76 65 72 61 67
	   65 20 69 73 3A
	   20 00
 0000017B 47 6F 6F 64 62	goodByeMsg			BYTE		"Goodbye!",0
	   79 65 21 00
 00000184			userInput			BYTE		MAX_USER_INPUT_SIZE DUP(?)
 0000018F 00000000		userInputLen		DWORD		?
 00000193 00000000		userNum				SDWORD		?
 00000197			userNums			SDWORD		10 DUP(?)
 000001BF 54 68 65 20 6E	errorMsg			BYTE		"The number you entered is invalid. Try again.",0
	   75 6D 62 65 72
	   20 79 6F 75 20
	   65 6E 74 65 72
	   65 64 20 69 73
	   20 69 6E 76 61
	   6C 69 64 2E 20
	   54 72 79 20 61
	   67 61 69 6E 2E
	   00
 000001ED 00000000		setNegative			DWORD		0
 000001F1  00000001 [		outString			BYTE		1 DUP(?)
	    00
	   ]
 000001F2  00000001 [		avgString			BYTE		1 DUP(?)
	    00
	   ]
 000001F3 00000000		sum					SDWORD		0
 000001F7 00000000		average				SDWORD		0

 00000000			.code
 00000000			main PROC

					mDisplayString	OFFSET intro1
 00000000  52		     1		push	EDX
 00000001  BA 00000000 R     1		mov		EDX, OFFSET intro1
 00000006  E8 00000000 E     1		call	WriteString
 0000000B  5A		     1		pop		EDX
 0000000C  E8 00000000 E		call	Crlf

					mDisplayString  OFFSET intro2
 00000011  52		     1		push	EDX
 00000012  BA 00000039 R     1		mov		EDX, OFFSET intro2
 00000017  E8 00000000 E     1		call	WriteString
 0000001C  5A		     1		pop		EDX
					mDisplayString  OFFSET intro3
 0000001D  52		     1		push	EDX
 0000001E  BA 0000008A R     1		mov		EDX, OFFSET intro3
 00000023  E8 00000000 E     1		call	WriteString
 00000028  5A		     1		pop		EDX
					mDisplayString  OFFSET intro4
 00000029  52		     1		push	EDX
 0000002A  BA 000000D2 R     1		mov		EDX, OFFSET intro4
 0000002F  E8 00000000 E     1		call	WriteString
 00000034  5A		     1		pop		EDX
 00000035  E8 00000000 E		call	Crlf
					
 0000003A  68 00000197 R		push	OFFSET userNums
 0000003F  68 000001ED R		push	OFFSET setNegative
 00000044  68 000001BF R		push	OFFSET errorMsg
 00000049  68 0000011C R		push	OFFSET prompt
 0000004E  68 00000184 R		push	OFFSET userInput
 00000053  68 0000018F R		push	OFFSET userInputLen
 00000058  E8 000000A8			call	ReadVal

 0000005D  E8 00000000 E		call	Crlf

					mDisplayString OFFSET numbersEnteredMsg
 00000062  52		     1		push	EDX
 00000063  BA 0000013C R     1		mov		EDX, OFFSET numbersEnteredMsg
 00000068  E8 00000000 E     1		call	WriteString
 0000006D  5A		     1		pop		EDX
 0000006E  E8 00000000 E		call	Crlf

 00000073  68 000001F1 R		push	OFFSET outString
 00000078  68 00000197 R		push	OFFSET userNums
 0000007D  E8 000001B8			call	DisplayNumbers

 00000082  E8 00000000 E		call	Crlf
 00000087  E8 00000000 E		call	Crlf

 0000008C  68 000001F3 R		push	OFFSET sum
 00000091  68 00000197 R		push	OFFSET userNums
 00000096  E8 000001C4			call	CalculateSum

					mDisplayString  OFFSET sumDisplayMsg
 0000009B  52		     1		push	EDX
 0000009C  BA 00000159 R     1		mov		EDX, OFFSET sumDisplayMsg
 000000A1  E8 00000000 E     1		call	WriteString
 000000A6  5A		     1		pop		EDX

 000000A7  68 000001F1 R		push	OFFSET	outString
 000000AC  FF 35 000001F3 R		push	sum
 000000B2  E8 00000115			call	WriteVal

 000000B7  E8 00000000 E		call	Crlf

 000000BC  68 000001F7 R		push	OFFSET average
 000000C1  FF 35 000001F3 R		push	sum
 000000C7  E8 000001BB			call	CalculateAverage

					mDisplayString  OFFSET avgDisplayMsg
 000000CC  52		     1		push	EDX
 000000CD  BA 0000016A R     1		mov		EDX, OFFSET avgDisplayMsg
 000000D2  E8 00000000 E     1		call	WriteString
 000000D7  5A		     1		pop		EDX

 000000D8  68 000001F1 R		push	OFFSET	outString
 000000DD  FF 35 000001F7 R		push	average
 000000E3  E8 000000E4			call	WriteVal

 000000E8  E8 00000000 E		call	Crlf
 000000ED  E8 00000000 E		call	Crlf

					mDisplayString OFFSET goodByeMsg
 000000F2  52		     1		push	EDX
 000000F3  BA 0000017B R     1		mov		EDX, OFFSET goodByeMsg
 000000F8  E8 00000000 E     1		call	WriteString
 000000FD  5A		     1		pop		EDX

					Invoke ExitProcess,0	; exit to operating system
 000000FE  6A 00	   *	    push   +000000000h
 00000100  E8 00000000 E   *	    call   ExitProcess
 00000105			main ENDP

				;--------------------------------------------------------------------------
				; name: ReadVal
				;
				; Reads integer input as string converting storing each number input into
				; an SDWORD array
				;
				; Precondition: none
				;
				; Postconditions: userNums SDWORD array will be filled with 10 SDWORD integers
				;				  setNegative & userInputLen will be changed
				;
				; Receives: [EBP + 8]	 = userInputLen (holds the length of user input)
				;			[EBP + 12]	 = userInput
				;			[EBP + 16]	 = prompt (Message)
				;			[EBP + 20]	 = errorMsg
				;			[EBP + 24]	 = setNegative (Acts as flag when a negative int entered)
				;			[EBP + 28]	 = userNums (Array to saved converted string nums to SDWORD)
				;
				; Returns: userNums array filled with SDWORD ints
				;--------------------------------------------------------------------------
 00000105			ReadVal PROC
 00000105  55				push	EBP
 00000106  8B EC			mov		EBP, ESP

 00000108  50				push	EAX
 00000109  53				push	EBX
 0000010A  51				push	ECX
 0000010B  57				push	EDI
 0000010C  56				push	ESI

 0000010D  B9 0000000A			mov		ECX, MAX_NUM_LENGTH
 00000112  8B 7D 1C			mov		EDI, [EBP + 28]	

 00000115				_prompt:
 00000115  51					push	ECX
						mGetString		[EBP + 16], [EBP + 12], MAX_USER_INPUT_SIZE, [EBP + 8]
 00000116  52		     1		push	EDX
 00000117  51		     1		push	ECX
 00000118  50		     1		push	EAX
 00000119  8B 55 10	     1		mov		EDX, [EBP + 16]
 0000011C  E8 00000000 E     1		call	WriteString
 00000121  8B 55 0C	     1		mov		EDX, [EBP + 12]
 00000124  B9 0000000B	     1		mov		ECX, MAX_USER_INPUT_SIZE
 00000129  E8 00000000 E     1		call	ReadString
 0000012E  A3 0000018F R     1		mov		userInputLen, EAX
 00000133  58		     1		pop		EAX
 00000134  59		     1		pop		ECX
 00000135  5A		     1		pop		EDX

 00000136  50					push	EAX
 00000137  8B 45 08				mov		EAX, [EBP + 8]			; set ECX as the count of userInput
 0000013A  8B 08				mov		ECX, [EAX]
 0000013C  58					pop		EAX

 0000013D  8B 75 0C				mov		ESI, [EBP + 12]			; reset userInput mem location
						
 00000140  BB 00000000				mov		EBX, 0
 00000145  89 5D 18				mov		[EBP + 24], EBX			; reset negation variable


 00000148				_checkSign:
 00000148  AC					lodsb
 00000149  3C 2D				cmp		AL, 45
 0000014B  74 06				je		_setNegativeFlag
 0000014D  3C 2B				cmp		AL, 43
 0000014F  74 0F				je		_withPositiveSign
 00000151  EB 12				jmp		_validate

 00000153				_setNegativeFlag:
 00000153  53					push	EBX
 00000154  BB 00000001				mov		EBX, 1
 00000159  89 5D 18				mov		[EBP + 24], EBX			; modify setNegative to 1
 0000015C  5B					pop		EBX
 0000015D  49					dec		ECX
 0000015E  EB 01				jmp		_moveForward

 00000160				_withPositiveSign:
 00000160  49					dec		ECX


 00000161				_moveForward:
 00000161  FC					cld
 00000162  AC					lodsb
 00000163  EB 00				jmp		_validate

 00000165				_validate:
 00000165  3C 30				cmp		AL, 48
 00000167  72 06				jb		_invalid
 00000169  3C 39				cmp		AL, 57
 0000016B  77 02				ja		_invalid
 0000016D  EB 19				jmp		_accumulate

 0000016F				_invalid:
						mDisplayString		[EBP + 20]
 0000016F  52		     1		push	EDX
 00000170  8B 55 14	     1		mov		EDX, [EBP + 20]
 00000173  E8 00000000 E     1		call	WriteString
 00000178  5A		     1		pop		EDX
 00000179  E8 00000000 E			call	Crlf
 0000017E  59					pop		ECX					; restore ECX to outer loop count
 0000017F  BB 00000000				mov		EBX, 0
 00000184  89 1F				mov		[EDI], EBX			; reset accumulated value in destination register
 00000186  EB 8D				jmp		_prompt
						
 00000188				_accumulate:
 00000188  8B 1F				mov		EBX, [EDI]			; save prev accumulated value

 0000018A  50					push	EAX					; preserve EAX/AL
 0000018B  53					push	EBX
 0000018C  8B C3				mov		EAX, EBX			; 10 * (EAX <= EBX)
 0000018E  BB 0000000A				mov		EBX, 10
 00000193  F7 E3				mul		EBX					
 00000195  89 07				mov		[EDI], EAX
 00000197  5B					pop		EBX
 00000198  58					pop		EAX

 00000199  2C 30				sub		AL, LO_NUM_ASCII
 0000019B  00 07				add		[EDI], AL

 0000019D  49					dec		ECX
 0000019E  83 F9 00				cmp		ECX, 0
 000001A1  77 BE				ja		_moveForward

 000001A3  50					push	EAX
 000001A4  8B 45 18				mov		EAX, [EBP + 24]		; check is setNegative is 1, move to _negate
 000001A7  83 F8 01				cmp		EAX, 1
 000001AA  74 02				je		_negate
 000001AC  EB 06				jmp		_continue

 000001AE					_negate:
 000001AE  8B 07					mov		EAX, [EDI]
 000001B0  F7 D8					neg		EAX
 000001B2  89 07					mov		[EDI], EAX
						
						

 000001B4					_continue:
 000001B4  58						pop		EAX
 000001B5  83 C7 04					add		EDI, 4
 000001B8  59						pop		ECX
 000001B9  49						dec		ECX
 000001BA  83 F9 00					cmp		ECX, 0
 000001BD  0F 85 FFFFFF52				jnz		_prompt
					
 000001C3  5E				pop		ESI
 000001C4  5F				pop		EDI
 000001C5  59				pop		ECX
 000001C6  5B				pop		EBX
 000001C7  58				pop		EAX
 000001C8  5B				pop		EBX
 000001C9  C2 001C			RET		28
 000001CC			ReadVal ENDP

				;--------------------------------------------------------------------------
				; name: WriteVal
				;
				; Displays an integer by performing ASCII conversion and displaying string number
				; Reference: https://nancy-rubin.com/2020/02/18/tech-guide-how-are-decimal-numbers-converted-into-the-ascii-code
				; 1. Push null bit to indicate when each ASCII decimal number has been popped off stack 
				; 2. SDWORD int gets divided down by 10 consecutively until quotient is 0. 
				; 3. Each time 48 is added to remainder and pushed to stack
				; 4. The numbers are popped off the stack until 0 is encountered
				;
				; Precondition: none
				;
				; Postconditions: outSring will be modified 
				;
				; Receives: [EBP + 8]	 = userNums (SSWORD array)
				;			[EBP + 12]	 = outString address (1 byte, prints and moves back to start address to reuse)
				;
				; Returns: none
				;--------------------------------------------------------------------------
 000001CC			WriteVal PROC
 000001CC  55				push	EBP
 000001CD  8B EC			mov		EBP, ESP

 000001CF  50				push	EAX
 000001D0  53				push	EBX
 000001D1  51				push	ECX
 000001D2  57				push	EDI
 000001D3  52				push	EDX


 000001D4  8B 7D 0C			mov		EDI, [EBP + 12]			; outString address
 000001D7  8B 45 08			mov		EAX, [EBP + 8]			; number to write to outString

 000001DA				_checkSign:
 000001DA  83 F8 00				cmp		EAX, 0
 000001DD  7C 03				jl		_negate
 000001DF  EB 13				jmp		_pushNullBit
 000001E1  FC					cld


 000001E2				_negate:
 000001E2  50					push	EAX
 000001E3  B0 2D				mov		AL, 45
 000001E5  AA					stosb	
						mDisplayString		[EBP + 12]
 000001E6  52		     1		push	EDX
 000001E7  8B 55 0C	     1		mov		EDX, [EBP + 12]
 000001EA  E8 00000000 E     1		call	WriteString
 000001EF  5A		     1		pop		EDX

 000001F0  4F					dec		EDI
						
 000001F1  58					pop		EAX
 000001F2  F7 D8				neg		EAX					; convert to positive int

 000001F4				_pushNullBit:
 000001F4  6A 00				push	0

 000001F6				_asciiConversion:

 000001F6  BA 00000000				mov		EDX, 0
 000001FB  BB 0000000A				mov		EBX, 10
 00000200  F7 F3				div		EBX
						
 00000202  8B CA				mov		ECX, EDX
 00000204  83 C1 30				add		ECX, 48
 00000207  51					push	ECX
 00000208  83 F8 00				cmp		EAX, 0
 0000020B  74 02				je		_popAndPrint
 0000020D  EB E7				jmp		_asciiConversion

 0000020F				_popAndPrint:
 0000020F  58					pop		EAX

 00000210  AA					stosb
						mDisplayString		[EBP + 12]
 00000211  52		     1		push	EDX
 00000212  8B 55 0C	     1		mov		EDX, [EBP + 12]
 00000215  E8 00000000 E     1		call	WriteString
 0000021A  5A		     1		pop		EDX
 0000021B  4F					dec		EDI

 0000021C  83 F8 00				cmp		EAX, 0
 0000021F  74 02				je		_exitAsciiConversion
 00000221  EB EC				jmp		_popAndPrint

 00000223				_exitAsciiConversion:
 00000223  B0 20				mov		AL, SPACE_ASCII
 00000225  AA					stosb
						mDisplayString		[EBP + 12]
 00000226  52		     1		push	EDX
 00000227  8B 55 0C	     1		mov		EDX, [EBP + 12]
 0000022A  E8 00000000 E     1		call	WriteString
 0000022F  5A		     1		pop		EDX
 00000230  4F					dec		EDI
					
 00000231  5A				pop		EDX
 00000232  5F				pop		EDI
 00000233  59				pop		ECX
 00000234  5B				pop		EBX
 00000235  58				pop		EAX
 00000236  5D				pop		EBP

 00000237  C2 0008			RET	8
 0000023A			WriteVal ENDP

				;--------------------------------------------------------------------------
				; name: DisplayNumbers
				;
				; Loops over SDWORD numbers array and call WriteVal to display the numbers
				;
				; Precondition: SDWORD array must be filled
				;
				; Postconditions: none 
				;
				; Receives: [EBP + 8]	   = SDWORD integer
				;			[EBP + 12]	   = outString address (1 byte, prints and moves back to start address to reuse)
				;			MAX_NUM_LENGTH = the length of SDWORD array
				; Returns: none
				;--------------------------------------------------------------------------
 0000023A			DisplayNumbers PROC
 0000023A  55				push	EBP
 0000023B  8B EC			mov		EBP, ESP

 0000023D  56				push	ESI
 0000023E  57				push	EDI
 0000023F  51				push	ECX

 00000240  8B 75 08			mov		ESI, [EBP + 8]					; input array
 00000243  8B 7D 0C			mov		EDI, [EBP + 12]					; outString
 00000246  B9 0000000A			mov		ECX, MAX_NUM_LENGTH

 0000024B				_printNumber:
 0000024B  57					push	EDI
 0000024C  FF 36				push	[ESI]
 0000024E  E8 FFFFFF79				call	WriteVal
 00000253  83 C6 04				add		ESI, 4
 00000256  E2 F3				loop	_printNumber

 00000258  59				pop		ECX
 00000259  5F				pop		EDI
 0000025A  5E				pop		ESI
 0000025B  5D				pop		EBP	
 0000025C  C2 000C			RET		12
 0000025F			DisplayNumbers ENDP

				;--------------------------------------------------------------------------
				; name: CalculateSum
				;
				; Loops over SDWORD numbers array calculates the sum
				;
				; Precondition: SDWORD array must be filled
				;
				; Postconditions: sum variable will be chaged 
				;
				; Receives: [EBP + 8]	   = SDWORD arrray
				;			[EBP + 12]	   = sum
				;			MAX_NUM_LENGTH = Array length used a loop counter
				;
				; Returns: sum
				;--------------------------------------------------------------------------
 0000025F			CalculateSum PROC
 0000025F  55				push	EBP
 00000260  8B EC			mov		EBP, ESP

 00000262  56				push	ESI
 00000263  50				push	EAX
 00000264  53				push	EBX
 00000265  51				push	ECX

 00000266  8B 75 08			mov		ESI, [EBP + 8]			; input array
 00000269  B9 0000000A			mov		ECX, MAX_NUM_LENGTH

 0000026E  B8 00000000			mov		EAX, 0

 00000273				_sumNumbers:
 00000273  03 06				add		EAX, [ESI]
 00000275  83 C6 04				add		ESI, 4
 00000278  E2 F9				loop	_sumNumbers

 0000027A  8B 5D 0C			mov		EBX, [ebp + 12]
 0000027D  89 03			mov		[EBX], EAX

 0000027F  59				pop	ECX
 00000280  5B				pop	EBX
 00000281  58				pop	EAX
 00000282  5E				pop	ESI
 00000283  5D				pop	EBP
					
 00000284  C2 0008			RET		8
 00000287			CalculateSum ENDP


				;--------------------------------------------------------------------------
				; name: CalculateAverage
				;
				; Does signed integer division on passed in sum variable and set result in average variable
				;
				; Precondition: sum must have a value
				;
				; Postconditions: average variable will be chaged 
				;
				; Receives: [EBP + 8]	   = sum
				;			[EBP + 12]	   = average
				;
				; Returns: average
				;--------------------------------------------------------------------------
 00000287			CalculateAverage PROC
 00000287  55				push	EBP
 00000288  8B EC			mov		EBP, ESP
 0000028A  51				push	ECX
 0000028B  50				push	EAX
 0000028C  53				push	EBX

 0000028D  B9 0000000A			mov		ECX, MAX_NUM_LENGTH
 00000292  8B 45 08			mov		EAX, [EBP + 8]					
					
 00000295				_divide:
 00000295  BB 0000000A				mov		EBX, MAX_NUM_LENGTH
 0000029A  BA 00000000				mov		EDX, 0
 0000029F  99					cdq
 000002A0  F7 FB				idiv	EBX

 000002A2  8B 5D 0C			mov		EBX, [ebp + 12]					
 000002A5  89 03			mov		[EBX], EAX

 000002A7  5B				pop		EBX
 000002A8  58				pop		EAX
 000002A9  59				pop		ECX
 000002AA  5D				pop		EBP

 000002AB  C2 000C			RET		12
 000002AE			CalculateAverage ENDP

				END main
Microsoft (R) Macro Assembler Version 14.28.29914.0	    06/06/21 18:57:45
#Program Template     (template.asm			     Symbols 2 - 1




Macros:

                N a m e                 Type

mDisplayString . . . . . . . . .	Proc
mGetString . . . . . . . . . . .	Proc


Structures and Unions:

                N a m e                  Size
                                         Offset      Type

CONSOLE_CURSOR_INFO  . . . . . .	 00000008
  dwSize . . . . . . . . . . . .	 00000000	 DWord
  bVisible . . . . . . . . . . .	 00000004	 DWord
CONSOLE_SCREEN_BUFFER_INFO . . .	 00000016
  dwSize . . . . . . . . . . . .	 00000000	 DWord
  dwCursorPosition . . . . . . .	 00000004	 DWord
  wAttributes  . . . . . . . . .	 00000008	 Word
  srWindow . . . . . . . . . . .	 0000000A	 QWord
  dwMaximumWindowSize  . . . . .	 00000012	 DWord
COORD  . . . . . . . . . . . . .	 00000004
  X  . . . . . . . . . . . . . .	 00000000	 Word
  Y  . . . . . . . . . . . . . .	 00000002	 Word
FILETIME . . . . . . . . . . . .	 00000008
  loDateTime . . . . . . . . . .	 00000000	 DWord
  hiDateTime . . . . . . . . . .	 00000004	 DWord
FOCUS_EVENT_RECORD . . . . . . .	 00000004
  bSetFocus  . . . . . . . . . .	 00000000	 DWord
FPU_ENVIRON  . . . . . . . . . .	 0000001C
  controlWord  . . . . . . . . .	 00000000	 Word
  statusWord . . . . . . . . . .	 00000004	 Word
  tagWord  . . . . . . . . . . .	 00000008	 Word
  instrPointerOffset . . . . . .	 0000000C	 DWord
  instrPointerSelector . . . . .	 00000010	 DWord
  operandPointerOffset . . . . .	 00000014	 DWord
  operandPointerSelector . . . .	 00000018	 Word
INPUT_RECORD . . . . . . . . . .	 00000014
  EventType  . . . . . . . . . .	 00000000	 Word
  Event  . . . . . . . . . . . .	 00000004	 XmmWord
  bKeyDown . . . . . . . . . . .	 00000000	 DWord
  wRepeatCount . . . . . . . . .	 00000004	 Word
  wVirtualKeyCode  . . . . . . .	 00000006	 Word
  wVirtualScanCode . . . . . . .	 00000008	 Word
  uChar  . . . . . . . . . . . .	 0000000A	 Word
  UnicodeChar  . . . . . . . . .	 00000000	 Word
  AsciiChar  . . . . . . . . . .	 00000000	 Byte
  dwControlKeyState  . . . . . .	 0000000C	 DWord
  dwMousePosition  . . . . . . .	 00000000	 DWord
  dwButtonState  . . . . . . . .	 00000004	 DWord
  dwMouseControlKeyState . . . .	 00000008	 DWord
  dwEventFlags . . . . . . . . .	 0000000C	 DWord
  dwSize . . . . . . . . . . . .	 00000000	 DWord
  dwCommandId  . . . . . . . . .	 00000000	 DWord
  bSetFocus  . . . . . . . . . .	 00000000	 DWord
KEY_EVENT_RECORD . . . . . . . .	 00000010
  bKeyDown . . . . . . . . . . .	 00000000	 DWord
  wRepeatCount . . . . . . . . .	 00000004	 Word
  wVirtualKeyCode  . . . . . . .	 00000006	 Word
  wVirtualScanCode . . . . . . .	 00000008	 Word
  uChar  . . . . . . . . . . . .	 0000000A	 Word
  UnicodeChar  . . . . . . . . .	 00000000	 Word
  AsciiChar  . . . . . . . . . .	 00000000	 Byte
  dwControlKeyState  . . . . . .	 0000000C	 DWord
MENU_EVENT_RECORD  . . . . . . .	 00000004
  dwCommandId  . . . . . . . . .	 00000000	 DWord
MOUSE_EVENT_RECORD . . . . . . .	 00000010
  dwMousePosition  . . . . . . .	 00000000	 DWord
  dwButtonState  . . . . . . . .	 00000004	 DWord
  dwMouseControlKeyState . . . .	 00000008	 DWord
  dwEventFlags . . . . . . . . .	 0000000C	 DWord
SMALL_RECT . . . . . . . . . . .	 00000008
  Left . . . . . . . . . . . . .	 00000000	 Word
  Top  . . . . . . . . . . . . .	 00000002	 Word
  Right  . . . . . . . . . . . .	 00000004	 Word
  Bottom . . . . . . . . . . . .	 00000006	 Word
SYSTEMTIME . . . . . . . . . . .	 00000010
  wYear  . . . . . . . . . . . .	 00000000	 Word
  wMonth . . . . . . . . . . . .	 00000002	 Word
  wDayOfWeek . . . . . . . . . .	 00000004	 Word
  wDay . . . . . . . . . . . . .	 00000006	 Word
  wHour  . . . . . . . . . . . .	 00000008	 Word
  wMinute  . . . . . . . . . . .	 0000000A	 Word
  wSecond  . . . . . . . . . . .	 0000000C	 Word
  wMilliseconds  . . . . . . . .	 0000000E	 Word
WINDOW_BUFFER_SIZE_RECORD  . . .	 00000004
  dwSize . . . . . . . . . . . .	 00000000	 DWord


Segments and Groups:

                N a m e                 Size     Length   Align   Combine Class

FLAT . . . . . . . . . . . . . .	GROUP
STACK  . . . . . . . . . . . . .	32 Bit	 00001000 Para	  Stack	  'STACK'	 
_DATA  . . . . . . . . . . . . .	32 Bit	 000001FB Para	  Public  'DATA'	
_TEXT  . . . . . . . . . . . . .	32 Bit	 000002AE Para	  Public  'CODE'	


Procedures, parameters, and locals:

                N a m e                 Type     Value    Attr

CalculateAverage . . . . . . . .	P Near	 00000287 _TEXT	Length= 00000027 Public STDCALL
  _divide  . . . . . . . . . . .	L Near	 00000295 _TEXT	
CalculateSum . . . . . . . . . .	P Near	 0000025F _TEXT	Length= 00000028 Public STDCALL
  _sumNumbers  . . . . . . . . .	L Near	 00000273 _TEXT	
CloseFile  . . . . . . . . . . .	P Near	 00000000 FLAT	Length= 00000000 External STDCALL
CloseHandle  . . . . . . . . . .	P Near	 00000000 FLAT	Length= 00000000 External STDCALL
Clrscr . . . . . . . . . . . . .	P Near	 00000000 FLAT	Length= 00000000 External STDCALL
CreateFileA  . . . . . . . . . .	P Near	 00000000 FLAT	Length= 00000000 External STDCALL
CreateOutputFile . . . . . . . .	P Near	 00000000 FLAT	Length= 00000000 External STDCALL
Crlf . . . . . . . . . . . . . .	P Near	 00000000 FLAT	Length= 00000000 External STDCALL
Delay  . . . . . . . . . . . . .	P Near	 00000000 FLAT	Length= 00000000 External STDCALL
DisplayNumbers . . . . . . . . .	P Near	 0000023A _TEXT	Length= 00000025 Public STDCALL
  _printNumber . . . . . . . . .	L Near	 0000024B _TEXT	
DumpMem  . . . . . . . . . . . .	P Near	 00000000 FLAT	Length= 00000000 External STDCALL
DumpRegs . . . . . . . . . . . .	P Near	 00000000 FLAT	Length= 00000000 External STDCALL
ExitProcess  . . . . . . . . . .	P Near	 00000000 FLAT	Length= 00000000 External STDCALL
FileTimeToDosDateTime  . . . . .	P Near	 00000000 FLAT	Length= 00000000 External STDCALL
FileTimeToSystemTime . . . . . .	P Near	 00000000 FLAT	Length= 00000000 External STDCALL
FlushConsoleInputBuffer  . . . .	P Near	 00000000 FLAT	Length= 00000000 External STDCALL
FormatMessageA . . . . . . . . .	P Near	 00000000 FLAT	Length= 00000000 External STDCALL
GetCommandLineA  . . . . . . . .	P Near	 00000000 FLAT	Length= 00000000 External STDCALL
GetCommandTail . . . . . . . . .	P Near	 00000000 FLAT	Length= 00000000 External STDCALL
GetConsoleCP . . . . . . . . . .	P Near	 00000000 FLAT	Length= 00000000 External STDCALL
GetConsoleCursorInfo . . . . . .	P Near	 00000000 FLAT	Length= 00000000 External STDCALL
GetConsoleMode . . . . . . . . .	P Near	 00000000 FLAT	Length= 00000000 External STDCALL
GetConsoleScreenBufferInfo . . .	P Near	 00000000 FLAT	Length= 00000000 External STDCALL
GetDateTime  . . . . . . . . . .	P Near	 00000000 FLAT	Length= 00000000 External STDCALL
GetFileTime  . . . . . . . . . .	P Near	 00000000 FLAT	Length= 00000000 External STDCALL
GetKeyState  . . . . . . . . . .	P Near	 00000000 FLAT	Length= 00000000 External STDCALL
GetLastError . . . . . . . . . .	P Near	 00000000 FLAT	Length= 00000000 External STDCALL
GetLocalTime . . . . . . . . . .	P Near	 00000000 FLAT	Length= 00000000 External STDCALL
GetMaxXY . . . . . . . . . . . .	P Near	 00000000 FLAT	Length= 00000000 External STDCALL
GetMseconds  . . . . . . . . . .	P Near	 00000000 FLAT	Length= 00000000 External STDCALL
GetNumberOfConsoleInputEvents  .	P Near	 00000000 FLAT	Length= 00000000 External STDCALL
GetProcessHeap . . . . . . . . .	P Near	 00000000 FLAT	Length= 00000000 External STDCALL
GetStdHandle . . . . . . . . . .	P Near	 00000000 FLAT	Length= 00000000 External STDCALL
GetSystemTime  . . . . . . . . .	P Near	 00000000 FLAT	Length= 00000000 External STDCALL
GetTextColor . . . . . . . . . .	P Near	 00000000 FLAT	Length= 00000000 External STDCALL
GetTickCount . . . . . . . . . .	P Near	 00000000 FLAT	Length= 00000000 External STDCALL
Gotoxy . . . . . . . . . . . . .	P Near	 00000000 FLAT	Length= 00000000 External STDCALL
HeapAlloc  . . . . . . . . . . .	P Near	 00000000 FLAT	Length= 00000000 External STDCALL
HeapCreate . . . . . . . . . . .	P Near	 00000000 FLAT	Length= 00000000 External STDCALL
HeapDestroy  . . . . . . . . . .	P Near	 00000000 FLAT	Length= 00000000 External STDCALL
HeapFree . . . . . . . . . . . .	P Near	 00000000 FLAT	Length= 00000000 External STDCALL
HeapSize . . . . . . . . . . . .	P Near	 00000000 FLAT	Length= 00000000 External STDCALL
IsDigit  . . . . . . . . . . . .	P Near	 00000000 FLAT	Length= 00000000 External STDCALL
LocalFree  . . . . . . . . . . .	P Near	 00000000 FLAT	Length= 00000000 External STDCALL
MessageBoxA  . . . . . . . . . .	P Near	 00000000 FLAT	Length= 00000000 External STDCALL
MsgBoxAsk  . . . . . . . . . . .	P Near	 00000000 FLAT	Length= 00000000 External STDCALL
MsgBox . . . . . . . . . . . . .	P Near	 00000000 FLAT	Length= 00000000 External STDCALL
OpenInputFile  . . . . . . . . .	P Near	 00000000 FLAT	Length= 00000000 External STDCALL
ParseDecimal32 . . . . . . . . .	P Near	 00000000 FLAT	Length= 00000000 External STDCALL
ParseInteger32 . . . . . . . . .	P Near	 00000000 FLAT	Length= 00000000 External STDCALL
PeekConsoleInputA  . . . . . . .	P Near	 00000000 FLAT	Length= 00000000 External STDCALL
Random32 . . . . . . . . . . . .	P Near	 00000000 FLAT	Length= 00000000 External STDCALL
RandomRange  . . . . . . . . . .	P Near	 00000000 FLAT	Length= 00000000 External STDCALL
Randomize  . . . . . . . . . . .	P Near	 00000000 FLAT	Length= 00000000 External STDCALL
ReadChar . . . . . . . . . . . .	P Near	 00000000 FLAT	Length= 00000000 External STDCALL
ReadConsoleA . . . . . . . . . .	P Near	 00000000 FLAT	Length= 00000000 External STDCALL
ReadConsoleInputA  . . . . . . .	P Near	 00000000 FLAT	Length= 00000000 External STDCALL
ReadDec  . . . . . . . . . . . .	P Near	 00000000 FLAT	Length= 00000000 External STDCALL
ReadFile . . . . . . . . . . . .	P Near	 00000000 FLAT	Length= 00000000 External STDCALL
ReadFloat  . . . . . . . . . . .	P Near	 00000000 FLAT	Length= 00000000 External STDCALL
ReadFromFile . . . . . . . . . .	P Near	 00000000 FLAT	Length= 00000000 External STDCALL
ReadHex  . . . . . . . . . . . .	P Near	 00000000 FLAT	Length= 00000000 External STDCALL
ReadInt  . . . . . . . . . . . .	P Near	 00000000 FLAT	Length= 00000000 External STDCALL
ReadKeyFlush . . . . . . . . . .	P Near	 00000000 FLAT	Length= 00000000 External STDCALL
ReadKey  . . . . . . . . . . . .	P Near	 00000000 FLAT	Length= 00000000 External STDCALL
ReadString . . . . . . . . . . .	P Near	 00000000 FLAT	Length= 00000000 External STDCALL
ReadVal  . . . . . . . . . . . .	P Near	 00000105 _TEXT	Length= 000000C7 Public STDCALL
  _prompt  . . . . . . . . . . .	L Near	 00000115 _TEXT	
  _checkSign . . . . . . . . . .	L Near	 00000148 _TEXT	
  _setNegativeFlag . . . . . . .	L Near	 00000153 _TEXT	
  _withPositiveSign  . . . . . .	L Near	 00000160 _TEXT	
  _moveForward . . . . . . . . .	L Near	 00000161 _TEXT	
  _validate  . . . . . . . . . .	L Near	 00000165 _TEXT	
  _invalid . . . . . . . . . . .	L Near	 0000016F _TEXT	
  _accumulate  . . . . . . . . .	L Near	 00000188 _TEXT	
  _negate  . . . . . . . . . . .	L Near	 000001AE _TEXT	
  _continue  . . . . . . . . . .	L Near	 000001B4 _TEXT	
SetConsoleCursorInfo . . . . . .	P Near	 00000000 FLAT	Length= 00000000 External STDCALL
SetConsoleCursorPosition . . . .	P Near	 00000000 FLAT	Length= 00000000 External STDCALL
SetConsoleMode . . . . . . . . .	P Near	 00000000 FLAT	Length= 00000000 External STDCALL
SetConsoleScreenBufferSize . . .	P Near	 00000000 FLAT	Length= 00000000 External STDCALL
SetConsoleTextAttribute  . . . .	P Near	 00000000 FLAT	Length= 00000000 External STDCALL
SetConsoleTitleA . . . . . . . .	P Near	 00000000 FLAT	Length= 00000000 External STDCALL
SetConsoleWindowInfo . . . . . .	P Near	 00000000 FLAT	Length= 00000000 External STDCALL
SetFilePointer . . . . . . . . .	P Near	 00000000 FLAT	Length= 00000000 External STDCALL
SetLocalTime . . . . . . . . . .	P Near	 00000000 FLAT	Length= 00000000 External STDCALL
SetTextColor . . . . . . . . . .	P Near	 00000000 FLAT	Length= 00000000 External STDCALL
ShowFPUStack . . . . . . . . . .	P Near	 00000000 FLAT	Length= 00000000 External STDCALL
Sleep  . . . . . . . . . . . . .	P Near	 00000000 FLAT	Length= 00000000 External STDCALL
StrLength  . . . . . . . . . . .	P Near	 00000000 FLAT	Length= 00000000 External STDCALL
Str_compare  . . . . . . . . . .	P Near	 00000000 FLAT	Length= 00000000 External STDCALL
Str_copy . . . . . . . . . . . .	P Near	 00000000 FLAT	Length= 00000000 External STDCALL
Str_length . . . . . . . . . . .	P Near	 00000000 FLAT	Length= 00000000 External STDCALL
Str_trim . . . . . . . . . . . .	P Near	 00000000 FLAT	Length= 00000000 External STDCALL
Str_ucase  . . . . . . . . . . .	P Near	 00000000 FLAT	Length= 00000000 External STDCALL
SystemTimeToFileTime . . . . . .	P Near	 00000000 FLAT	Length= 00000000 External STDCALL
WaitMsg  . . . . . . . . . . . .	P Near	 00000000 FLAT	Length= 00000000 External STDCALL
WriteBinB  . . . . . . . . . . .	P Near	 00000000 FLAT	Length= 00000000 External STDCALL
WriteBin . . . . . . . . . . . .	P Near	 00000000 FLAT	Length= 00000000 External STDCALL
WriteChar  . . . . . . . . . . .	P Near	 00000000 FLAT	Length= 00000000 External STDCALL
WriteConsoleA  . . . . . . . . .	P Near	 00000000 FLAT	Length= 00000000 External STDCALL
WriteConsoleOutputAttribute  . .	P Near	 00000000 FLAT	Length= 00000000 External STDCALL
WriteConsoleOutputCharacterA . .	P Near	 00000000 FLAT	Length= 00000000 External STDCALL
WriteDec . . . . . . . . . . . .	P Near	 00000000 FLAT	Length= 00000000 External STDCALL
WriteFile  . . . . . . . . . . .	P Near	 00000000 FLAT	Length= 00000000 External STDCALL
WriteFloat . . . . . . . . . . .	P Near	 00000000 FLAT	Length= 00000000 External STDCALL
WriteHexB  . . . . . . . . . . .	P Near	 00000000 FLAT	Length= 00000000 External STDCALL
WriteHex . . . . . . . . . . . .	P Near	 00000000 FLAT	Length= 00000000 External STDCALL
WriteInt . . . . . . . . . . . .	P Near	 00000000 FLAT	Length= 00000000 External STDCALL
WriteStackFrameName  . . . . . .	P Near	 00000000 FLAT	Length= 00000000 External STDCALL
WriteStackFrame  . . . . . . . .	P Near	 00000000 FLAT	Length= 00000000 External STDCALL
WriteString  . . . . . . . . . .	P Near	 00000000 FLAT	Length= 00000000 External STDCALL
WriteToFile  . . . . . . . . . .	P Near	 00000000 FLAT	Length= 00000000 External STDCALL
WriteVal . . . . . . . . . . . .	P Near	 000001CC _TEXT	Length= 0000006E Public STDCALL
  _checkSign . . . . . . . . . .	L Near	 000001DA _TEXT	
  _negate  . . . . . . . . . . .	L Near	 000001E2 _TEXT	
  _pushNullBit . . . . . . . . .	L Near	 000001F4 _TEXT	
  _asciiConversion . . . . . . .	L Near	 000001F6 _TEXT	
  _popAndPrint . . . . . . . . .	L Near	 0000020F _TEXT	
  _exitAsciiConversion . . . . .	L Near	 00000223 _TEXT	
WriteWindowsMsg  . . . . . . . .	P Near	 00000000 FLAT	Length= 00000000 External STDCALL
main . . . . . . . . . . . . . .	P Near	 00000000 _TEXT	Length= 00000105 Public STDCALL
printf . . . . . . . . . . . . .	P Near	 00000000 FLAT	Length= 00000000 External C
scanf  . . . . . . . . . . . . .	P Near	 00000000 FLAT	Length= 00000000 External C
wsprintfA  . . . . . . . . . . .	P Near	 00000000 FLAT	Length= 00000000 External C


Symbols:

                N a m e                 Type     Value    Attr

@CodeSize  . . . . . . . . . . .	Number	 00000000h   
@DataSize  . . . . . . . . . . .	Number	 00000000h   
@Interface . . . . . . . . . . .	Number	 00000003h   
@Model . . . . . . . . . . . . .	Number	 00000007h   
@code  . . . . . . . . . . . . .	Text   	 _TEXT
@data  . . . . . . . . . . . . .	Text   	 FLAT
@fardata?  . . . . . . . . . . .	Text   	 FLAT
@fardata . . . . . . . . . . . .	Text   	 FLAT
@stack . . . . . . . . . . . . .	Text   	 FLAT
ALT_MASK . . . . . . . . . . . .	Number	 00000003h   
CAPSLOCK_ON  . . . . . . . . . .	Number	 00000080h   
CREATE_ALWAYS  . . . . . . . . .	Number	 00000002h   
CREATE_NEW . . . . . . . . . . .	Number	 00000001h   
CTRL_MASK  . . . . . . . . . . .	Number	 0000000Ch   
CreateFile . . . . . . . . . . .	Text   	 CreateFileA
DO_NOT_SHARE . . . . . . . . . .	Number	 00000000h   
ENABLE_ECHO_INPUT  . . . . . . .	Number	 00000004h   
ENABLE_LINE_INPUT  . . . . . . .	Number	 00000002h   
ENABLE_MOUSE_INPUT . . . . . . .	Number	 00000010h   
ENABLE_PROCESSED_INPUT . . . . .	Number	 00000001h   
ENABLE_PROCESSED_OUTPUT  . . . .	Number	 00000001h   
ENABLE_WINDOW_INPUT  . . . . . .	Number	 00000008h   
ENABLE_WRAP_AT_EOL_OUTPUT  . . .	Number	 00000002h   
ENHANCED_KEY . . . . . . . . . .	Number	 00000100h   
FALSE  . . . . . . . . . . . . .	Number	 00000000h   
FILE_APPEND_DATA . . . . . . . .	Number	 00000004h   
FILE_ATTRIBUTE_ARCHIVE . . . . .	Number	 00000020h   
FILE_ATTRIBUTE_COMPRESSED  . . .	Number	 00000800h   
FILE_ATTRIBUTE_DEVICE  . . . . .	Number	 00000040h   
FILE_ATTRIBUTE_DIRECTORY . . . .	Number	 00000010h   
FILE_ATTRIBUTE_ENCRYPTED . . . .	Number	 00004000h   
FILE_ATTRIBUTE_HIDDEN  . . . . .	Number	 00000002h   
FILE_ATTRIBUTE_NORMAL  . . . . .	Number	 00000080h   
FILE_ATTRIBUTE_NOT_CONTENT_INDEXED .	Number	 00002000h   
FILE_ATTRIBUTE_OFFLINE . . . . .	Number	 00001000h   
FILE_ATTRIBUTE_READONLY  . . . .	Number	 00000001h   
FILE_ATTRIBUTE_REPARSE_POINT . .	Number	 00000400h   
FILE_ATTRIBUTE_SPARSE_FILE . . .	Number	 00000200h   
FILE_ATTRIBUTE_SYSTEM  . . . . .	Number	 00000004h   
FILE_ATTRIBUTE_TEMPORARY . . . .	Number	 00000100h   
FILE_BEGIN . . . . . . . . . . .	Number	 00000000h   
FILE_CURRENT . . . . . . . . . .	Number	 00000001h   
FILE_DELETE_CHILD  . . . . . . .	Number	 00000040h   
FILE_END . . . . . . . . . . . .	Number	 00000002h   
FILE_READ_DATA . . . . . . . . .	Number	 00000001h   
FILE_SHARE_DELETE  . . . . . . .	Number	 00000004h   
FILE_SHARE_READ  . . . . . . . .	Number	 00000001h   
FILE_SHARE_WRITE . . . . . . . .	Number	 00000002h   
FILE_WRITE_DATA  . . . . . . . .	Number	 00000002h   
FOCUS_EVENT  . . . . . . . . . .	Number	 00000010h   
FORMAT_MESSAGE_ALLOCATE_BUFFER .	Number	 00000100h   
FORMAT_MESSAGE_FROM_SYSTEM . . .	Number	 00001000h   
FormatMessage  . . . . . . . . .	Text   	 FormatMessageA
GENERIC_ALL  . . . . . . . . . .	Number	 10000000h   
GENERIC_EXECUTE  . . . . . . . .	Number	 20000000h   
GENERIC_READ . . . . . . . . . .	Number	 -80000000h   
GENERIC_WRITE  . . . . . . . . .	Number	 40000000h   
GetCommandLine . . . . . . . . .	Text   	 GetCommandLineA
HANDLE . . . . . . . . . . . . .	Text   	 DWORD
HEAP_GENERATE_EXCEPTIONS . . . .	Number	 00000004h   
HEAP_GROWABLE  . . . . . . . . .	Number	 00000002h   
HEAP_NO_SERIALIZE  . . . . . . .	Number	 00000001h   
HEAP_REALLOC_IN_PLACE_ONLY . . .	Number	 00000010h   
HEAP_ZERO_MEMORY . . . . . . . .	Number	 00000008h   
HI_NUM_ASCII . . . . . . . . . .	Number	 00000039h   
HI . . . . . . . . . . . . . . .	Number	 7FFFFFFFh   
IDABORT  . . . . . . . . . . . .	Number	 00000003h   
IDCANCEL . . . . . . . . . . . .	Number	 00000002h   
IDCLOSE  . . . . . . . . . . . .	Number	 00000008h   
IDCONTINUE . . . . . . . . . . .	Number	 0000000Bh   
IDHELP . . . . . . . . . . . . .	Number	 00000009h   
IDIGNORE . . . . . . . . . . . .	Number	 00000005h   
IDNO . . . . . . . . . . . . . .	Number	 00000007h   
IDOK . . . . . . . . . . . . . .	Number	 00000001h   
IDRETRY  . . . . . . . . . . . .	Number	 00000004h   
IDTIMEOUT  . . . . . . . . . . .	Number	 00007D00h   
IDTRYAGAIN . . . . . . . . . . .	Number	 0000000Ah   
IDYES  . . . . . . . . . . . . .	Number	 00000006h   
INVALID_HANDLE_VALUE . . . . . .	Number	 -00000001h   
KBDOWN_FLAG  . . . . . . . . . .	Number	 00000001h   
KEY_EVENT  . . . . . . . . . . .	Number	 00000001h   
KEY_MASKS  . . . . . . . . . . .	Number	 0000001Fh   
LEFT_ALT_PRESSED . . . . . . . .	Number	 00000002h   
LEFT_CTRL_PRESSED  . . . . . . .	Number	 00000008h   
LO_NUM_ASCII . . . . . . . . . .	Number	 00000030h   
LO . . . . . . . . . . . . . . .	Number	 -80000000h   
MAX_NUM_LENGTH . . . . . . . . .	Number	 0000000Ah   
MAX_USER_INPUT_SIZE  . . . . . .	Number	 0000000Bh   
MB_ABORTRETRYIGNORE  . . . . . .	Number	 00000002h   
MB_APPLMODAL . . . . . . . . . .	Number	 00000000h   
MB_CANCELTRYCONTINUE . . . . . .	Number	 00000006h   
MB_DEFBUTTON1  . . . . . . . . .	Number	 00000000h   
MB_DEFBUTTON2  . . . . . . . . .	Number	 00000100h   
MB_DEFBUTTON3  . . . . . . . . .	Number	 00000200h   
MB_DEFBUTTON4  . . . . . . . . .	Number	 00000300h   
MB_HELP  . . . . . . . . . . . .	Number	 00004000h   
MB_ICONASTERISK  . . . . . . . .	Number	 00000040h   
MB_ICONERROR . . . . . . . . . .	Number	 00000010h   
MB_ICONEXCLAMATION . . . . . . .	Number	 00000030h   
MB_ICONHAND  . . . . . . . . . .	Number	 00000010h   
MB_ICONINFORMATION . . . . . . .	Number	 00000040h   
MB_ICONQUESTION  . . . . . . . .	Number	 00000020h   
MB_ICONSTOP  . . . . . . . . . .	Number	 00000010h   
MB_ICONWARNING . . . . . . . . .	Number	 00000030h   
MB_OKCANCEL  . . . . . . . . . .	Number	 00000001h   
MB_OK  . . . . . . . . . . . . .	Number	 00000000h   
MB_RETRYCANCEL . . . . . . . . .	Number	 00000005h   
MB_SYSTEMMODAL . . . . . . . . .	Number	 00001000h   
MB_TASKMODAL . . . . . . . . . .	Number	 00002000h   
MB_USERICON  . . . . . . . . . .	Number	 00000080h   
MB_YESNOCANCEL . . . . . . . . .	Number	 00000003h   
MB_YESNO . . . . . . . . . . . .	Number	 00000004h   
MENU_EVENT . . . . . . . . . . .	Number	 00000008h   
MOUSE_EVENT  . . . . . . . . . .	Number	 00000002h   
MessageBox . . . . . . . . . . .	Text   	 MessageBoxA
NEG_ASCII  . . . . . . . . . . .	Number	 0000002Dh   
NULL_BIT . . . . . . . . . . . .	Number	 00000000h   
NULL . . . . . . . . . . . . . .	Number	 00000000h   
NUMLOCK_ON . . . . . . . . . . .	Number	 00000020h   
OPEN_ALWAYS  . . . . . . . . . .	Number	 00000004h   
OPEN_EXISTING  . . . . . . . . .	Number	 00000003h   
POS_ASCII  . . . . . . . . . . .	Number	 0000002Bh   
PeekConsoleInput . . . . . . . .	Text   	 PeekConsoleInputA
RIGHT_ALT_PRESSED  . . . . . . .	Number	 00000001h   
RIGHT_CTRL_PRESSED . . . . . . .	Number	 00000004h   
ReadConsoleInput . . . . . . . .	Text   	 ReadConsoleInputA
ReadConsole  . . . . . . . . . .	Text   	 ReadConsoleA
SCROLLLOCK_ON  . . . . . . . . .	Number	 00000040h   
SHIFT_MASK . . . . . . . . . . .	Number	 00000010h   
SHIFT_PRESSED  . . . . . . . . .	Number	 00000010h   
SPACE_ASCII  . . . . . . . . . .	Number	 00000020h   
STD_ERROR_HANDLE . . . . . . . .	Number	 -0000000Ch   
STD_INPUT_HANDLE . . . . . . . .	Number	 -0000000Ah   
STD_OUTPUT_HANDLE  . . . . . . .	Number	 -0000000Bh   
SetConsoleTitle  . . . . . . . .	Text   	 SetConsoleTitleA
TAB  . . . . . . . . . . . . . .	Number	 00000009h   
TRUE . . . . . . . . . . . . . .	Number	 00000001h   
TRUNCATE_EXISTING  . . . . . . .	Number	 00000005h   
VK_11  . . . . . . . . . . . . .	Number	 000000BDh   
VK_12  . . . . . . . . . . . . .	Number	 000000BBh   
VK_ADD . . . . . . . . . . . . .	Number	 0000006Bh   
VK_BACK  . . . . . . . . . . . .	Number	 00000008h   
VK_CANCEL  . . . . . . . . . . .	Number	 00000003h   
VK_CAPITAL . . . . . . . . . . .	Number	 00000014h   
VK_CLEAR . . . . . . . . . . . .	Number	 0000000Ch   
VK_CONTROL . . . . . . . . . . .	Number	 00000011h   
VK_DECIMAL . . . . . . . . . . .	Number	 0000006Eh   
VK_DELETE  . . . . . . . . . . .	Number	 0000002Eh   
VK_DIVIDE  . . . . . . . . . . .	Number	 0000006Fh   
VK_DOWN  . . . . . . . . . . . .	Number	 00000028h   
VK_END . . . . . . . . . . . . .	Number	 00000023h   
VK_ESCAPE  . . . . . . . . . . .	Number	 0000001Bh   
VK_EXECUTE . . . . . . . . . . .	Number	 0000002Bh   
VK_F10 . . . . . . . . . . . . .	Number	 00000079h   
VK_F11 . . . . . . . . . . . . .	Number	 0000007Ah   
VK_F12 . . . . . . . . . . . . .	Number	 0000007Bh   
VK_F13 . . . . . . . . . . . . .	Number	 0000007Ch   
VK_F14 . . . . . . . . . . . . .	Number	 0000007Dh   
VK_F15 . . . . . . . . . . . . .	Number	 0000007Eh   
VK_F16 . . . . . . . . . . . . .	Number	 0000007Fh   
VK_F17 . . . . . . . . . . . . .	Number	 00000080h   
VK_F18 . . . . . . . . . . . . .	Number	 00000081h   
VK_F19 . . . . . . . . . . . . .	Number	 00000082h   
VK_F1  . . . . . . . . . . . . .	Number	 00000070h   
VK_F20 . . . . . . . . . . . . .	Number	 00000083h   
VK_F21 . . . . . . . . . . . . .	Number	 00000084h   
VK_F22 . . . . . . . . . . . . .	Number	 00000085h   
VK_F23 . . . . . . . . . . . . .	Number	 00000086h   
VK_F24 . . . . . . . . . . . . .	Number	 00000087h   
VK_F2  . . . . . . . . . . . . .	Number	 00000071h   
VK_F3  . . . . . . . . . . . . .	Number	 00000072h   
VK_F4  . . . . . . . . . . . . .	Number	 00000073h   
VK_F5  . . . . . . . . . . . . .	Number	 00000074h   
VK_F6  . . . . . . . . . . . . .	Number	 00000075h   
VK_F7  . . . . . . . . . . . . .	Number	 00000076h   
VK_F8  . . . . . . . . . . . . .	Number	 00000077h   
VK_F9  . . . . . . . . . . . . .	Number	 00000078h   
VK_HELP  . . . . . . . . . . . .	Number	 0000002Fh   
VK_HOME  . . . . . . . . . . . .	Number	 00000024h   
VK_INSERT  . . . . . . . . . . .	Number	 0000002Dh   
VK_LBUTTON . . . . . . . . . . .	Number	 00000001h   
VK_LCONTROL  . . . . . . . . . .	Number	 000000A2h   
VK_LEFT  . . . . . . . . . . . .	Number	 00000025h   
VK_LMENU . . . . . . . . . . . .	Number	 000000A4h   
VK_LSHIFT  . . . . . . . . . . .	Number	 000000A0h   
VK_MENU  . . . . . . . . . . . .	Number	 00000012h   
VK_MULTIPLY  . . . . . . . . . .	Number	 0000006Ah   
VK_NEXT  . . . . . . . . . . . .	Number	 00000022h   
VK_NUMLOCK . . . . . . . . . . .	Number	 00000090h   
VK_NUMPAD0 . . . . . . . . . . .	Number	 00000060h   
VK_NUMPAD1 . . . . . . . . . . .	Number	 00000061h   
VK_NUMPAD2 . . . . . . . . . . .	Number	 00000062h   
VK_NUMPAD3 . . . . . . . . . . .	Number	 00000063h   
VK_NUMPAD4 . . . . . . . . . . .	Number	 00000064h   
VK_NUMPAD5 . . . . . . . . . . .	Number	 00000065h   
VK_NUMPAD6 . . . . . . . . . . .	Number	 00000066h   
VK_NUMPAD7 . . . . . . . . . . .	Number	 00000067h   
VK_NUMPAD8 . . . . . . . . . . .	Number	 00000068h   
VK_NUMPAD9 . . . . . . . . . . .	Number	 00000069h   
VK_PAUSE . . . . . . . . . . . .	Number	 00000013h   
VK_PRINT . . . . . . . . . . . .	Number	 0000002Ah   
VK_PRIOR . . . . . . . . . . . .	Number	 00000021h   
VK_RBUTTON . . . . . . . . . . .	Number	 00000002h   
VK_RCONTROL  . . . . . . . . . .	Number	 000000A3h   
VK_RETURN  . . . . . . . . . . .	Number	 0000000Dh   
VK_RIGHT . . . . . . . . . . . .	Number	 00000027h   
VK_RMENU . . . . . . . . . . . .	Number	 000000A5h   
VK_RSHIFT  . . . . . . . . . . .	Number	 000000A1h   
VK_SCROLL  . . . . . . . . . . .	Number	 00000091h   
VK_SEPARATER . . . . . . . . . .	Number	 0000006Ch   
VK_SHIFT . . . . . . . . . . . .	Number	 00000010h   
VK_SNAPSHOT  . . . . . . . . . .	Number	 0000002Ch   
VK_SPACE . . . . . . . . . . . .	Number	 00000020h   
VK_SUBTRACT  . . . . . . . . . .	Number	 0000006Dh   
VK_TAB . . . . . . . . . . . . .	Number	 00000009h   
VK_UP  . . . . . . . . . . . . .	Number	 00000026h   
WINDOW_BUFFER_SIZE_EVENT . . . .	Number	 00000004h   
WriteConsoleOutputCharacter  . .	Text   	 WriteConsoleOutputCharacterA
WriteConsole . . . . . . . . . .	Text   	 WriteConsoleA
average  . . . . . . . . . . . .	DWord	 000001F7 _DATA	
avgDisplayMsg  . . . . . . . . .	Byte	 0000016A _DATA	
avgString  . . . . . . . . . . .	Byte	 000001F2 _DATA	
black  . . . . . . . . . . . . .	Number	 00000000h   
blue . . . . . . . . . . . . . .	Number	 00000001h   
brown  . . . . . . . . . . . . .	Number	 00000006h   
cyan . . . . . . . . . . . . . .	Number	 00000003h   
errorMsg . . . . . . . . . . . .	Byte	 000001BF _DATA	
exit . . . . . . . . . . . . . .	Text   	 INVOKE ExitProcess,0
goodByeMsg . . . . . . . . . . .	Byte	 0000017B _DATA	
gray . . . . . . . . . . . . . .	Number	 00000008h   
green  . . . . . . . . . . . . .	Number	 00000002h   
intro1 . . . . . . . . . . . . .	Byte	 00000000 _DATA	
intro2 . . . . . . . . . . . . .	Byte	 00000039 _DATA	
intro3 . . . . . . . . . . . . .	Byte	 0000008A _DATA	
intro4 . . . . . . . . . . . . .	Byte	 000000D2 _DATA	
lightBlue  . . . . . . . . . . .	Number	 00000009h   
lightCyan  . . . . . . . . . . .	Number	 0000000Bh   
lightGray  . . . . . . . . . . .	Number	 00000007h   
lightGreen . . . . . . . . . . .	Number	 0000000Ah   
lightMagenta . . . . . . . . . .	Number	 0000000Dh   
lightRed . . . . . . . . . . . .	Number	 0000000Ch   
magenta  . . . . . . . . . . . .	Number	 00000005h   
numbersEnteredMsg  . . . . . . .	Byte	 0000013C _DATA	
outString  . . . . . . . . . . .	Byte	 000001F1 _DATA	
prompt . . . . . . . . . . . . .	Byte	 0000011C _DATA	
red  . . . . . . . . . . . . . .	Number	 00000004h   
setNegative  . . . . . . . . . .	DWord	 000001ED _DATA	
sumDisplayMsg  . . . . . . . . .	Byte	 00000159 _DATA	
sum  . . . . . . . . . . . . . .	DWord	 000001F3 _DATA	
userInputLen . . . . . . . . . .	DWord	 0000018F _DATA	
userInput  . . . . . . . . . . .	Byte	 00000184 _DATA	
userNums . . . . . . . . . . . .	DWord	 00000197 _DATA	
userNum  . . . . . . . . . . . .	DWord	 00000193 _DATA	
white  . . . . . . . . . . . . .	Number	 0000000Fh   
wsprintf . . . . . . . . . . . .	Text   	 wsprintfA
yellow . . . . . . . . . . . . .	Number	 0000000Eh   

	   0 Warnings
	   0 Errors
